<?xml version="1.0" encoding="UTF-8"?>
<!-- Generated by org.testng.reporters.JUnitXMLReporter -->
<testsuite hostname="MEENAKSHI-PC" name="IETest" tests="1" failures="0" timestamp="24 Nov 2015 22:45:38 GMT" time="0.01" errors="0">
  <testcase name="@BeforeTest launchapp" time="0.0" classname="com.TestNG.TestNGClass">
    <failure type="java.lang.IllegalStateException" message="The driver executable is a directory: C:\Selenium\IEDriverServer_x64_2.48.0">
      <![CDATA[java.lang.IllegalStateException: The driver executable is a directory: C:\Selenium\IEDriverServer_x64_2.48.0
	at com.google.common.base.Preconditions.checkState(Preconditions.java:197)
	at org.openqa.selenium.remote.service.DriverService.checkExecutable(DriverService.java:123)
	at org.openqa.selenium.remote.service.DriverService.findExecutable(DriverService.java:116)
	at org.openqa.selenium.ie.InternetExplorerDriverService.access$0(InternetExplorerDriverService.java:1)
	at org.openqa.selenium.ie.InternetExplorerDriverService$Builder.findDefaultExecutable(InternetExplorerDriverService.java:167)
	at org.openqa.selenium.remote.service.DriverService$Builder.build(DriverService.java:296)
	at org.openqa.selenium.ie.InternetExplorerDriver.setupService(InternetExplorerDriver.java:251)
	at org.openqa.selenium.ie.InternetExplorerDriver.<init>(InternetExplorerDriver.java:172)
	at org.openqa.selenium.ie.InternetExplorerDriver.<init>(InternetExplorerDriver.java:146)
	at com.TestNG.TestNGClass.launchapp(TestNGClass.java:41)
... Removed 22 stack frames]]>
    </failure>
  </testcase> <!-- @BeforeTest launchapp -->
  <testcase name="@AfterTest closeBrowser" time="0.0" classname="com.TestNG.TestNGClass">
    <skipped/>
  </testcase> <!-- @AfterTest closeBrowser -->
  <testcase name="calculatepercent" time="0.0" classname="com.TestNG.TestNGClass">
    <skipped/>
  </testcase> <!-- calculatepercent -->
</testsuite> <!-- IETest -->
